<?xml version="1.0" encoding="UTF-8"?>
<testng-results skipped="0" failed="0" total="3" passed="3">
  <reporter-output>
  </reporter-output>
  <suite name="Default suite" duration-ms="26531" started-at="2021-03-31T22:03:13Z" finished-at="2021-03-31T22:03:39Z">
    <groups>
    </groups>
    <test name="Default test" duration-ms="26531" started-at="2021-03-31T22:03:13Z" finished-at="2021-03-31T22:03:39Z">
      <class name="Runner.Runner">
        <test-method status="PASS" signature="testSetup()[pri:0, instance:Runner.Runner@57536d79]" name="testSetup" is-config="true" duration-ms="265" started-at="2021-03-31T16:03:13Z" finished-at="2021-03-31T16:03:13Z">
          <reporter-output>
          </reporter-output>
        </test-method> <!-- testSetup -->
        <test-method status="PASS" signature="test(java.util.List)[pri:0, instance:Runner.Runner@57536d79]" name="test" duration-ms="5224" started-at="2021-03-31T16:03:30Z" data-provider="pasos" finished-at="2021-03-31T16:03:35Z">
          <params>
            <param index="0">
              <value>
                <![CDATA[[testCase.StepAPI@651aed93]]]>
              </value>
            </param>
          </params>
          <reporter-output>
          </reporter-output>
        </test-method> <!-- test -->
        <test-method status="PASS" signature="test(java.util.List)[pri:0, instance:Runner.Runner@57536d79]" name="test" duration-ms="1217" started-at="2021-03-31T16:03:35Z" data-provider="pasos" finished-at="2021-03-31T16:03:36Z">
          <params>
            <param index="0">
              <value>
                <![CDATA[[testCase.StepAPI@598260a6]]]>
              </value>
            </param>
          </params>
          <reporter-output>
          </reporter-output>
        </test-method> <!-- test -->
        <test-method status="PASS" signature="test(java.util.List)[pri:0, instance:Runner.Runner@57536d79]" name="test" duration-ms="3054" started-at="2021-03-31T16:03:36Z" data-provider="pasos" finished-at="2021-03-31T16:03:39Z">
          <params>
            <param index="0">
              <value>
                <![CDATA[[testCase.StepAPI@31f20c9f]]]>
              </value>
            </param>
          </params>
          <reporter-output>
          </reporter-output>
        </test-method> <!-- test -->
        <test-method status="PASS" signature="tearDown()[pri:0, instance:Runner.Runner@57536d79]" name="tearDown" is-config="true" duration-ms="539" started-at="2021-03-31T16:03:39Z" finished-at="2021-03-31T16:03:40Z">
          <reporter-output>
          </reporter-output>
        </test-method> <!-- tearDown -->
      </class> <!-- Runner.Runner -->
    </test> <!-- Default test -->
  </suite> <!-- Default suite -->
</testng-results>
